<?xml version="1.0" encoding="UTF-8"?>
<!-- Generated by org.testng.reporters.JUnitXMLReporter -->
<testsuite ignored="0" hostname="LAPTOP-COGKCGD3" failures="0" tests="12" name="Sanity" time="0.091" errors="0" timestamp="2023-03-14T23:37:27 IST">
  <testcase classname="com.icehrm_automation.LoginTest.Sample1" name="sample1Test1" time="0.007"/>
  <testcase classname="com.icehrm_automation.LoginTest.Sample2" name="sample2Test1" time="0.009"/>
  <testcase classname="com.icehrm_automation.LoginTest.Sample1" name="sample1Test2" time="0.002"/>
  <testcase classname="com.icehrm_automation.LoginTest.Sample2" name="sample2Test2" time="0.002"/>
  <testcase classname="com.icehrm_automation.LoginTest.Sample1" name="sample1Test3" time="0.002"/>
  <testcase classname="com.icehrm_automation.LoginTest.Sample2" name="sample2Test3" time="0.001"/>
  <testcase classname="com.icehrm_automation.LoginTest.Sample4" name="sample4Test1" time="0.001"/>
  <testcase classname="com.icehrm_automation.LoginTest.Sample3" name="sample3Test1" time="0.002"/>
  <testcase classname="com.icehrm_automation.LoginTest.Sample4" name="sample4Test2" time="0.002"/>
  <testcase classname="com.icehrm_automation.LoginTest.Sample3" name="sample3Test2" time="0.001"/>
  <testcase classname="com.icehrm_automation.LoginTest.Sample4" name="sample4Test3" time="0.001"/>
  <testcase classname="com.icehrm_automation.LoginTest.Sample3" name="sample3Test3" time="0.002"/>
</testsuite> <!-- Sanity -->
